<?xml version="1.0" encoding="UTF-8"?>
<!-- Generated by org.testng.reporters.JUnitXMLReporter -->
<testsuite hostname="Lenovo" name="Test" tests="3" failures="0" timestamp="15 Mar 2020 06:25:00 GMT" time="67.897" errors="0">
  <testcase name="runScenario" time="64.693" classname="org.sam.TestRunner">
    <skipped/>
  </testcase> <!-- runScenario -->
  <testcase name="runScenario" time="65.49" classname="org.sam.TestRunner">
    <skipped/>
  </testcase> <!-- runScenario -->
  <testcase name="runScenario" time="66.925" classname="org.sam.TestRunner">
    <skipped/>
  </testcase> <!-- runScenario -->
</testsuite> <!-- Test -->
